#Software: Microsoft Internet Information Services 10.0
#Version: 1.0
#Date: 2018-10-16 07:02:41
#Fields: date time s-ip cs-method cs-uri-stem cs-uri-query s-port cs-username c-ip cs(User-Agent) cs(Referer) sc-status sc-substatus sc-win32-status time-taken
2018-10-16 07:02:41 ::1 GET / - 43958 - ::1 Mozilla/5.0+(Windows+NT+10.0;+Win64;+x64)+AppleWebKit/537.36+(KHTML,+like+Gecko)+Chrome/69.0.3497.100+Safari/537.36 - 200 0 0 12312
2018-10-16 07:02:41 ::1 GET /Content/Site.css - 43958 - ::1 Mozilla/5.0+(Windows+NT+10.0;+Win64;+x64)+AppleWebKit/537.36+(KHTML,+like+Gecko)+Chrome/69.0.3497.100+Safari/537.36 http://localhost:43958/ 200 0 0 15
2018-10-16 07:02:41 ::1 GET /Content/bootstrap.css - 43958 - ::1 Mozilla/5.0+(Windows+NT+10.0;+Win64;+x64)+AppleWebKit/537.36+(KHTML,+like+Gecko)+Chrome/69.0.3497.100+Safari/537.36 http://localhost:43958/ 200 0 0 18
2018-10-16 07:02:41 ::1 GET /Content/dx.common.css - 43958 - ::1 Mozilla/5.0+(Windows+NT+10.0;+Win64;+x64)+AppleWebKit/537.36+(KHTML,+like+Gecko)+Chrome/69.0.3497.100+Safari/537.36 http://localhost:43958/ 200 0 0 8
2018-10-16 07:02:41 ::1 GET /Content/dx.light.css - 43958 - ::1 Mozilla/5.0+(Windows+NT+10.0;+Win64;+x64)+AppleWebKit/537.36+(KHTML,+like+Gecko)+Chrome/69.0.3497.100+Safari/537.36 http://localhost:43958/ 200 0 0 14
2018-10-16 07:02:41 ::1 GET /Scripts/jquery-3.1.0.js - 43958 - ::1 Mozilla/5.0+(Windows+NT+10.0;+Win64;+x64)+AppleWebKit/537.36+(KHTML,+like+Gecko)+Chrome/69.0.3497.100+Safari/537.36 http://localhost:43958/ 200 0 0 13
2018-10-16 07:02:41 ::1 GET /Scripts/bootstrap.js - 43958 - ::1 Mozilla/5.0+(Windows+NT+10.0;+Win64;+x64)+AppleWebKit/537.36+(KHTML,+like+Gecko)+Chrome/69.0.3497.100+Safari/537.36 http://localhost:43958/ 200 0 0 6
2018-10-16 07:02:41 ::1 GET /Scripts/cldr.js - 43958 - ::1 Mozilla/5.0+(Windows+NT+10.0;+Win64;+x64)+AppleWebKit/537.36+(KHTML,+like+Gecko)+Chrome/69.0.3497.100+Safari/537.36 http://localhost:43958/ 200 0 0 2
2018-10-16 07:02:41 ::1 GET /Scripts/cldr/event.js - 43958 - ::1 Mozilla/5.0+(Windows+NT+10.0;+Win64;+x64)+AppleWebKit/537.36+(KHTML,+like+Gecko)+Chrome/69.0.3497.100+Safari/537.36 http://localhost:43958/ 200 0 0 2
2018-10-16 07:02:41 ::1 GET /Scripts/cldr/supplemental.js - 43958 - ::1 Mozilla/5.0+(Windows+NT+10.0;+Win64;+x64)+AppleWebKit/537.36+(KHTML,+like+Gecko)+Chrome/69.0.3497.100+Safari/537.36 http://localhost:43958/ 200 0 0 3
2018-10-16 07:02:41 ::1 GET /Scripts/cldr/unresolved.js - 43958 - ::1 Mozilla/5.0+(Windows+NT+10.0;+Win64;+x64)+AppleWebKit/537.36+(KHTML,+like+Gecko)+Chrome/69.0.3497.100+Safari/537.36 http://localhost:43958/ 200 0 0 3
2018-10-16 07:02:41 ::1 GET /Scripts/globalize.js - 43958 - ::1 Mozilla/5.0+(Windows+NT+10.0;+Win64;+x64)+AppleWebKit/537.36+(KHTML,+like+Gecko)+Chrome/69.0.3497.100+Safari/537.36 http://localhost:43958/ 200 0 0 3
2018-10-16 07:02:41 ::1 GET /Scripts/globalize/message.js - 43958 - ::1 Mozilla/5.0+(Windows+NT+10.0;+Win64;+x64)+AppleWebKit/537.36+(KHTML,+like+Gecko)+Chrome/69.0.3497.100+Safari/537.36 http://localhost:43958/ 200 0 0 3
2018-10-16 07:02:41 ::1 GET /Scripts/globalize/number.js - 43958 - ::1 Mozilla/5.0+(Windows+NT+10.0;+Win64;+x64)+AppleWebKit/537.36+(KHTML,+like+Gecko)+Chrome/69.0.3497.100+Safari/537.36 http://localhost:43958/ 200 0 0 3
2018-10-16 07:02:41 ::1 GET /Scripts/globalize/currency.js - 43958 - ::1 Mozilla/5.0+(Windows+NT+10.0;+Win64;+x64)+AppleWebKit/537.36+(KHTML,+like+Gecko)+Chrome/69.0.3497.100+Safari/537.36 http://localhost:43958/ 200 0 0 2
2018-10-16 07:02:41 ::1 GET /Scripts/globalize/date.js - 43958 - ::1 Mozilla/5.0+(Windows+NT+10.0;+Win64;+x64)+AppleWebKit/537.36+(KHTML,+like+Gecko)+Chrome/69.0.3497.100+Safari/537.36 http://localhost:43958/ 200 0 0 3
2018-10-16 07:02:41 ::1 GET /Scripts/aspnet/dx.aspnet.data.js - 43958 - ::1 Mozilla/5.0+(Windows+NT+10.0;+Win64;+x64)+AppleWebKit/537.36+(KHTML,+like+Gecko)+Chrome/69.0.3497.100+Safari/537.36 http://localhost:43958/ 200 0 0 3
2018-10-16 07:02:41 ::1 GET /Scripts/aspnet/dx.aspnet.mvc.js - 43958 - ::1 Mozilla/5.0+(Windows+NT+10.0;+Win64;+x64)+AppleWebKit/537.36+(KHTML,+like+Gecko)+Chrome/69.0.3497.100+Safari/537.36 http://localhost:43958/ 200 0 0 9
2018-10-16 07:02:41 ::1 GET /Scripts/dx.all.debug.js - 43958 - ::1 Mozilla/5.0+(Windows+NT+10.0;+Win64;+x64)+AppleWebKit/537.36+(KHTML,+like+Gecko)+Chrome/69.0.3497.100+Safari/537.36 http://localhost:43958/ 200 0 0 186
2018-10-16 07:02:44 ::1 GET /favicon.ico - 43958 - ::1 Mozilla/5.0+(Windows+NT+10.0;+Win64;+x64)+AppleWebKit/537.36+(KHTML,+like+Gecko)+Chrome/69.0.3497.100+Safari/537.36 http://localhost:43958/ 200 0 0 4
2018-10-16 07:02:44 ::1 GET /api/Orders skip=0&take=10&requireTotalCount=true&totalSummary=%5B%7B%22selector%22%3A%22ShipCity%22%2C%22summaryType%22%3A%22count%22%7D%5D&_=1539673362092 43958 - ::1 Mozilla/5.0+(Windows+NT+10.0;+Win64;+x64)+AppleWebKit/537.36+(KHTML,+like+Gecko)+Chrome/69.0.3497.100+Safari/537.36 http://localhost:43958/ 200 0 0 336
2018-10-16 07:02:45 ::1 GET /Content/icons/dxicons.woff2 - 43958 - ::1 Mozilla/5.0+(Windows+NT+10.0;+Win64;+x64)+AppleWebKit/537.36+(KHTML,+like+Gecko)+Chrome/69.0.3497.100+Safari/537.36 http://localhost:43958/Content/dx.light.css 200 0 0 9
2018-10-16 07:02:58 ::1 GET /api/Orders group=%5B%7B%22selector%22%3A%22OrderDate%22%2C%22groupInterval%22%3A%22year%22%2C%22isExpanded%22%3Atrue%7D%2C%7B%22selector%22%3A%22OrderDate%22%2C%22groupInterval%22%3A%22month%22%2C%22isExpanded%22%3Atrue%7D%2C%7B%22selector%22%3A%22OrderDate%22%2C%22groupInterval%22%3A%22day%22%2C%22isExpanded%22%3Afalse%7D%5D&_=1539673362093 43958 - ::1 Mozilla/5.0+(Windows+NT+10.0;+Win64;+x64)+AppleWebKit/537.36+(KHTML,+like+Gecko)+Chrome/69.0.3497.100+Safari/537.36 http://localhost:43958/ 200 0 0 58
2018-10-16 07:03:43 ::1 GET / - 43958 - ::1 Mozilla/5.0+(Windows+NT+10.0;+Win64;+x64)+AppleWebKit/537.36+(KHTML,+like+Gecko)+Chrome/69.0.3497.100+Safari/537.36 - 200 0 0 669
2018-10-16 07:03:43 ::1 GET /Content/bootstrap.css - 43958 - ::1 Mozilla/5.0+(Windows+NT+10.0;+Win64;+x64)+AppleWebKit/537.36+(KHTML,+like+Gecko)+Chrome/69.0.3497.100+Safari/537.36 http://localhost:43958/ 304 0 0 18
2018-10-16 07:03:43 ::1 GET /Scripts/bootstrap.js - 43958 - ::1 Mozilla/5.0+(Windows+NT+10.0;+Win64;+x64)+AppleWebKit/537.36+(KHTML,+like+Gecko)+Chrome/69.0.3497.100+Safari/537.36 http://localhost:43958/ 304 0 0 11
2018-10-16 07:03:43 ::1 GET /Content/Site.css - 43958 - ::1 Mozilla/5.0+(Windows+NT+10.0;+Win64;+x64)+AppleWebKit/537.36+(KHTML,+like+Gecko)+Chrome/69.0.3497.100+Safari/537.36 http://localhost:43958/ 304 0 0 31
2018-10-16 07:03:43 ::1 GET /Scripts/jquery-3.1.0.js - 43958 - ::1 Mozilla/5.0+(Windows+NT+10.0;+Win64;+x64)+AppleWebKit/537.36+(KHTML,+like+Gecko)+Chrome/69.0.3497.100+Safari/537.36 http://localhost:43958/ 304 0 0 18
2018-10-16 07:03:45 ::1 GET /favicon.ico - 43958 - ::1 Mozilla/5.0+(Windows+NT+10.0;+Win64;+x64)+AppleWebKit/537.36+(KHTML,+like+Gecko)+Chrome/69.0.3497.100+Safari/537.36 http://localhost:43958/ 200 0 0 17
2018-10-16 07:03:45 ::1 GET /api/Orders skip=0&take=20&requireTotalCount=true&totalSummary=%5B%7B%22selector%22%3A%22ShipCity%22%2C%22summaryType%22%3A%22count%22%7D%5D&_=1539673424057 43958 - ::1 Mozilla/5.0+(Windows+NT+10.0;+Win64;+x64)+AppleWebKit/537.36+(KHTML,+like+Gecko)+Chrome/69.0.3497.100+Safari/537.36 http://localhost:43958/ 200 0 0 41
